<?xml version="1.0" encoding="UTF-8"?>
<!-- Generated by org.testng.reporters.JUnitXMLReporter -->
<testsuite ignored="0" hostname="Damians-MacBook-Pro-2.local" failures="0" tests="8" name="Surefire test" time="141.788" errors="0" timestamp="2023-05-19T12:34:50 CEST">
  <testcase classname="com.hostaway.tests.FiltersFormTests" name="testAmenitiesCheckboxes" time="46.556"/>
  <testcase classname="com.hostaway.tests.FiltersFormTests" name="testBathroomsButtons" time="17.941"/>
  <testcase classname="com.hostaway.tests.FiltersFormTests" name="testBedroomsButtons" time="2.705"/>
  <testcase classname="com.hostaway.tests.FiltersFormTests" name="testBedsButtons" time="12.16"/>
  <testcase classname="com.hostaway.tests.FiltersFormTests" name="testClearAll" time="6.09"/>
  <testcase classname="com.hostaway.tests.FiltersFormTests" name="testFiltersForm" time="4.466"/>
  <testcase classname="com.hostaway.tests.FiltersFormTests" name="testPriceRange" time="16.383"/>
  <testcase classname="com.hostaway.tests.AllListingsTests" name="testAllListingsCount" time="29.969"/>
</testsuite> <!-- Surefire test -->
