<?xml version="1.0" encoding="UTF-8"?>
<testng-results ignored="0" total="8" passed="8" failed="0" skipped="0">
  <reporter-output>
  </reporter-output>
  <suite started-at="2023-05-19T12:32:28 CEST" name="Surefire suite" finished-at="2023-05-19T12:34:50 CEST" duration-ms="141788">
    <groups>
    </groups>
    <test started-at="2023-05-19T12:32:28 CEST" name="Surefire test" finished-at="2023-05-19T12:34:50 CEST" duration-ms="141788">
      <class name="com.hostaway.tests.FiltersFormTests">
        <test-method is-config="true" signature="setUp()[pri:0, instance:com.hostaway.tests.FiltersFormTests@2abf4075]" started-at="2023-05-19T12:32:28 CEST" name="setUp" finished-at="2023-05-19T12:32:34 CEST" duration-ms="5408" status="PASS">
          <reporter-output>
          </reporter-output>
        </test-method> <!-- setUp -->
        <test-method signature="testAmenitiesCheckboxes()[pri:0, instance:com.hostaway.tests.FiltersFormTests@2abf4075]" started-at="2023-05-19T12:32:34 CEST" name="testAmenitiesCheckboxes" finished-at="2023-05-19T12:33:20 CEST" duration-ms="46556" status="PASS">
          <reporter-output>
          </reporter-output>
        </test-method> <!-- testAmenitiesCheckboxes -->
        <test-method is-config="true" signature="tearDown()[pri:0, instance:com.hostaway.tests.FiltersFormTests@2abf4075]" started-at="2023-05-19T12:33:20 CEST" name="tearDown" finished-at="2023-05-19T12:33:20 CEST" duration-ms="0" status="PASS">
          <reporter-output>
          </reporter-output>
        </test-method> <!-- tearDown -->
        <test-method is-config="true" signature="setUp()[pri:0, instance:com.hostaway.tests.FiltersFormTests@2abf4075]" started-at="2023-05-19T12:33:20 CEST" name="setUp" finished-at="2023-05-19T12:33:20 CEST" duration-ms="3" status="PASS">
          <reporter-output>
          </reporter-output>
        </test-method> <!-- setUp -->
        <test-method signature="testBathroomsButtons()[pri:0, instance:com.hostaway.tests.FiltersFormTests@2abf4075]" started-at="2023-05-19T12:33:20 CEST" name="testBathroomsButtons" finished-at="2023-05-19T12:33:38 CEST" duration-ms="17941" status="PASS">
          <reporter-output>
          </reporter-output>
        </test-method> <!-- testBathroomsButtons -->
        <test-method is-config="true" signature="tearDown()[pri:0, instance:com.hostaway.tests.FiltersFormTests@2abf4075]" started-at="2023-05-19T12:33:38 CEST" name="tearDown" finished-at="2023-05-19T12:33:38 CEST" duration-ms="0" status="PASS">
          <reporter-output>
          </reporter-output>
        </test-method> <!-- tearDown -->
        <test-method is-config="true" signature="setUp()[pri:0, instance:com.hostaway.tests.FiltersFormTests@2abf4075]" started-at="2023-05-19T12:33:38 CEST" name="setUp" finished-at="2023-05-19T12:33:38 CEST" duration-ms="4" status="PASS">
          <reporter-output>
          </reporter-output>
        </test-method> <!-- setUp -->
        <test-method signature="testBedroomsButtons()[pri:0, instance:com.hostaway.tests.FiltersFormTests@2abf4075]" started-at="2023-05-19T12:33:38 CEST" name="testBedroomsButtons" finished-at="2023-05-19T12:33:41 CEST" duration-ms="2705" status="PASS">
          <reporter-output>
          </reporter-output>
        </test-method> <!-- testBedroomsButtons -->
        <test-method is-config="true" signature="tearDown()[pri:0, instance:com.hostaway.tests.FiltersFormTests@2abf4075]" started-at="2023-05-19T12:33:41 CEST" name="tearDown" finished-at="2023-05-19T12:33:41 CEST" duration-ms="0" status="PASS">
          <reporter-output>
          </reporter-output>
        </test-method> <!-- tearDown -->
        <test-method is-config="true" signature="setUp()[pri:0, instance:com.hostaway.tests.FiltersFormTests@2abf4075]" started-at="2023-05-19T12:33:41 CEST" name="setUp" finished-at="2023-05-19T12:33:41 CEST" duration-ms="2" status="PASS">
          <reporter-output>
          </reporter-output>
        </test-method> <!-- setUp -->
        <test-method signature="testBedsButtons()[pri:0, instance:com.hostaway.tests.FiltersFormTests@2abf4075]" started-at="2023-05-19T12:33:41 CEST" name="testBedsButtons" finished-at="2023-05-19T12:33:53 CEST" duration-ms="12160" status="PASS">
          <reporter-output>
          </reporter-output>
        </test-method> <!-- testBedsButtons -->
        <test-method is-config="true" signature="tearDown()[pri:0, instance:com.hostaway.tests.FiltersFormTests@2abf4075]" started-at="2023-05-19T12:33:53 CEST" name="tearDown" finished-at="2023-05-19T12:33:53 CEST" duration-ms="0" status="PASS">
          <reporter-output>
          </reporter-output>
        </test-method> <!-- tearDown -->
        <test-method is-config="true" signature="setUp()[pri:0, instance:com.hostaway.tests.FiltersFormTests@2abf4075]" started-at="2023-05-19T12:33:53 CEST" name="setUp" finished-at="2023-05-19T12:33:53 CEST" duration-ms="3" status="PASS">
          <reporter-output>
          </reporter-output>
        </test-method> <!-- setUp -->
        <test-method signature="testClearAll()[pri:0, instance:com.hostaway.tests.FiltersFormTests@2abf4075]" started-at="2023-05-19T12:33:53 CEST" name="testClearAll" finished-at="2023-05-19T12:33:59 CEST" duration-ms="6090" status="PASS">
          <reporter-output>
          </reporter-output>
        </test-method> <!-- testClearAll -->
        <test-method is-config="true" signature="tearDown()[pri:0, instance:com.hostaway.tests.FiltersFormTests@2abf4075]" started-at="2023-05-19T12:33:59 CEST" name="tearDown" finished-at="2023-05-19T12:33:59 CEST" duration-ms="0" status="PASS">
          <reporter-output>
          </reporter-output>
        </test-method> <!-- tearDown -->
        <test-method is-config="true" signature="setUp()[pri:0, instance:com.hostaway.tests.FiltersFormTests@2abf4075]" started-at="2023-05-19T12:33:59 CEST" name="setUp" finished-at="2023-05-19T12:33:59 CEST" duration-ms="3" status="PASS">
          <reporter-output>
          </reporter-output>
        </test-method> <!-- setUp -->
        <test-method signature="testFiltersForm()[pri:0, instance:com.hostaway.tests.FiltersFormTests@2abf4075]" started-at="2023-05-19T12:33:59 CEST" name="testFiltersForm" finished-at="2023-05-19T12:34:04 CEST" duration-ms="4466" status="PASS">
          <reporter-output>
          </reporter-output>
        </test-method> <!-- testFiltersForm -->
        <test-method is-config="true" signature="tearDown()[pri:0, instance:com.hostaway.tests.FiltersFormTests@2abf4075]" started-at="2023-05-19T12:34:04 CEST" name="tearDown" finished-at="2023-05-19T12:34:04 CEST" duration-ms="0" status="PASS">
          <reporter-output>
          </reporter-output>
        </test-method> <!-- tearDown -->
        <test-method is-config="true" signature="setUp()[pri:0, instance:com.hostaway.tests.FiltersFormTests@2abf4075]" started-at="2023-05-19T12:34:04 CEST" name="setUp" finished-at="2023-05-19T12:34:04 CEST" duration-ms="13" status="PASS">
          <reporter-output>
          </reporter-output>
        </test-method> <!-- setUp -->
        <test-method signature="testPriceRange()[pri:0, instance:com.hostaway.tests.FiltersFormTests@2abf4075]" started-at="2023-05-19T12:34:04 CEST" name="testPriceRange" finished-at="2023-05-19T12:34:20 CEST" duration-ms="16383" status="PASS">
          <reporter-output>
          </reporter-output>
        </test-method> <!-- testPriceRange -->
        <test-method is-config="true" signature="tearDown()[pri:0, instance:com.hostaway.tests.FiltersFormTests@2abf4075]" started-at="2023-05-19T12:34:20 CEST" name="tearDown" finished-at="2023-05-19T12:34:20 CEST" duration-ms="0" status="PASS">
          <reporter-output>
          </reporter-output>
        </test-method> <!-- tearDown -->
      </class> <!-- com.hostaway.tests.FiltersFormTests -->
      <class name="com.hostaway.tests.AllListingsTests">
        <test-method is-config="true" signature="setUp()[pri:0, instance:com.hostaway.tests.AllListingsTests@1e6454ec]" started-at="2023-05-19T12:34:20 CEST" name="setUp" finished-at="2023-05-19T12:34:20 CEST" duration-ms="3" status="PASS">
          <reporter-output>
          </reporter-output>
        </test-method> <!-- setUp -->
        <test-method signature="testAllListingsCount()[pri:0, instance:com.hostaway.tests.AllListingsTests@1e6454ec]" started-at="2023-05-19T12:34:20 CEST" name="testAllListingsCount" finished-at="2023-05-19T12:34:50 CEST" duration-ms="29969" status="PASS">
          <reporter-output>
          </reporter-output>
        </test-method> <!-- testAllListingsCount -->
        <test-method is-config="true" signature="tearDown()[pri:0, instance:com.hostaway.tests.AllListingsTests@1e6454ec]" started-at="2023-05-19T12:34:50 CEST" name="tearDown" finished-at="2023-05-19T12:34:50 CEST" duration-ms="1" status="PASS">
          <reporter-output>
          </reporter-output>
        </test-method> <!-- tearDown -->
      </class> <!-- com.hostaway.tests.AllListingsTests -->
    </test> <!-- Surefire test -->
  </suite> <!-- Surefire suite -->
</testng-results>
