<?xml version="1.0" encoding="UTF-8"?>
<testsuite xmlns:xsi="http://www.w3.org/2001/XMLSchema-instance" xsi:noNamespaceSchemaLocation="https://maven.apache.org/surefire/maven-surefire-plugin/xsd/surefire-test-report.xsd" name="TestSuite" time="142.092" tests="8" errors="0" skipped="0" failures="0">
  <properties>
[...]
</properties>
  <testcase name="testAmenitiesCheckboxes" classname="com.hostaway.tests.FiltersFormTests" time="46.562"/>
  <testcase name="testBathroomsButtons" classname="com.hostaway.tests.FiltersFormTests" time="17.943"/>
  <testcase name="testBedroomsButtons" classname="com.hostaway.tests.FiltersFormTests" time="2.706"/>
  <testcase name="testBedsButtons" classname="com.hostaway.tests.FiltersFormTests" time="12.162"/>
  <testcase name="testClearAll" classname="com.hostaway.tests.FiltersFormTests" time="6.091"/>
  <testcase name="testFiltersForm" classname="com.hostaway.tests.FiltersFormTests" time="4.467"/>
  <testcase name="testPriceRange" classname="com.hostaway.tests.FiltersFormTests" time="16.384"/>
  <testcase name="testAllListingsCount" classname="com.hostaway.tests.AllListingsTests" time="29.969"/>
</testsuite>